<?xml version="1.0" encoding="UTF-8"?>
<!-- Generated by org.testng.reporters.JUnitReportReporter -->
<testsuite hostname="WJLP-1098" name="RamTestCases.BaseDevTestForRestModule" tests="2" failures="0" timestamp="5 May 2020 07:15:03 GMT" time="39.429" errors="0">
  <testcase name="AtTheHub" time="4.569" classname="RamTestCases.BaseDevTestForRestModule"/>
  <testcase name="PreRequisiteforrestOTHModule" time="34.860" classname="RamTestCases.BaseDevTestForRestModule"/>
</testsuite> <!-- RamTestCases.BaseDevTestForRestModule -->
